Using pre-set license
Built from '2020.3/release' branch; Version is '2020.3.12f1 (b3b2c6512326) revision 11776710'; Using compiler version '192528614'; Build Type 'Release'
OS: 'Windows 10 Enterprise; OS build 18363.1977; Version 1909; 64bit' Language: 'ko' Physical Memory: 16313 MB
BatchMode: 1, IsHumanControllingUs: 0, StartBugReporterOnCrash: 0, Is64bit: 1, IsPro: 0

 COMMAND LINE ARGUMENTS:
C:\Program Files\Unity\Hub\Editor\2020.3.12f1\Editor\Unity.exe
-adb2
-batchMode
-noUpm
-name
AssetImportWorker0
-projectPath
C:/Users/Ji Won Kang/Desktop/3d_action/3D-Action/3D_Action
-logFile
Logs/AssetImportWorker0.log
-srvPort
7176
Successfully changed project path to: C:/Users/Ji Won Kang/Desktop/3d_action/3D-Action/3D_Action
C:/Users/Ji Won Kang/Desktop/3d_action/3D-Action/3D_Action
Using Asset Import Pipeline V2.
Refreshing native plugins compatible for Editor in 30.50 ms, found 2 plugins.
Preloading 0 native plugins for Editor in 0.00 ms.
Initialize engine version: 2020.3.12f1 (b3b2c6512326)
[Subsystems] Discovering subsystems at path C:/Program Files/Unity/Hub/Editor/2020.3.12f1/Editor/Data/Resources/UnitySubsystems
[Subsystems] Discovering subsystems at path C:/Users/Ji Won Kang/Desktop/3d_action/3D-Action/3D_Action/Assets
GfxDevice: creating device client; threaded=0
Direct3D:
    Version:  Direct3D 11.0 [level 11.1]
    Renderer: NVIDIA GeForce RTX 2070 (ID=0x1f02)
    Vendor:   
    VRAM:     8031 MB
    Driver:   27.21.14.6172
Initialize mono
Mono path[0] = 'C:/Program Files/Unity/Hub/Editor/2020.3.12f1/Editor/Data/Managed'
Mono path[1] = 'C:/Program Files/Unity/Hub/Editor/2020.3.12f1/Editor/Data/MonoBleedingEdge/lib/mono/unityjit'
Mono config path = 'C:/Program Files/Unity/Hub/Editor/2020.3.12f1/Editor/Data/MonoBleedingEdge/etc'
Using monoOptions --debugger-agent=transport=dt_socket,embedding=1,server=y,suspend=n,address=127.0.0.1:56248
Begin MonoManager ReloadAssembly
Registering precompiled unity dll's ...
Register platform support module: C:/Program Files/Unity/Hub/Editor/2020.3.12f1/Editor/Data/PlaybackEngines/WebGLSupport/UnityEditor.WebGL.Extensions.dll
Register platform support module: C:/Program Files/Unity/Hub/Editor/2020.3.12f1/Editor/Data/PlaybackEngines/WindowsStandaloneSupport/UnityEditor.WindowsStandalone.Extensions.dll
Registered in 0.004466 seconds.
Native extension for WindowsStandalone target not found
Native extension for WebGL target not found
Refreshing native plugins compatible for Editor in 39.29 ms, found 2 plugins.
Preloading 0 native plugins for Editor in 0.00 ms.
Mono: successfully reloaded assembly
- Completed reload, in  1.589 seconds
Platform modules already initialized, skipping
Registering precompiled user dll's ...
Registered in 0.008417 seconds.
Begin MonoManager ReloadAssembly
Native extension for WindowsStandalone target not found
Native extension for WebGL target not found
Refreshing native plugins compatible for Editor in 0.38 ms, found 2 plugins.
Preloading 0 native plugins for Editor in 0.00 ms.
Mono: successfully reloaded assembly
- Completed reload, in  1.043 seconds
Platform modules already initialized, skipping
========================================================================
Worker process is ready to serve import requests
Launched and connected shader compiler UnityShaderCompiler.exe after 0.12 seconds
Refreshing native plugins compatible for Editor in 0.35 ms, found 2 plugins.
Preloading 0 native plugins for Editor in 0.00 ms.
Unloading 1429 Unused Serialized files (Serialized files now loaded: 0)
System memory in use before: 66.2 MB.
System memory in use after: 66.3 MB.

Unloading 19 unused Assets to reduce memory usage. Loaded Objects now: 1863.
Total: 1.723900 ms (FindLiveObjects: 0.140800 ms CreateObjectMapping: 0.034700 ms MarkObjects: 1.476400 ms  DeleteObjects: 0.071000 ms)

AssetImportParameters requested are different than current active one (requested -> active):
  custom:framework-win-MediaFoundation: 216162199b28c13a410421893ffa2e32 -> 
  custom:video-decoder-ogg-theora: a1e56fd34408186e4bbccfd4996cb3dc -> 
  custom:container-muxer-webm: aa71ff27fc2769a1b78a27578f13a17b -> 
  custom:container-demuxer-webm: 4f35f7cbe854078d1ac9338744f61a02 -> 
  custom:container-demuxer-ogg: 62fdf1f143b41e24485cea50d1cbac27 -> 
  custom:video-encoder-webm-vp8: eb34c28f22e8b96e1ab97ce403110664 -> 
  custom:video-decoder-webm-vp8: 9c59270c3fd7afecdb556c50c9e8de78 -> 
  custom:audio-decoder-ogg-vorbis: bf7c407c2cedff20999df2af8eb42d56 -> 
  custom:audio-encoder-webm-vorbis: bf7c407c2cedff20999df2af8eb42d56 -> 
========================================================================
Received Import Request.
  path: Assets/QuarterView 3D Action BE5/Particles/Enemy Down.prefab
  artifactKey: Guid(be16a2ead503d12418c1f228fcee2f7c) Importer(815301076,1909f56bfc062723c751e8b465ee728b)
Start importing Assets/QuarterView 3D Action BE5/Particles/Enemy Down.prefab using Guid(be16a2ead503d12418c1f228fcee2f7c) Importer(815301076,1909f56bfc062723c751e8b465ee728b)  -> (artifact id: 'b4d3c0f07f3ee78d47d075fbf517d10e') in 0.055456 seconds 
  Import took 0.058196 seconds .

========================================================================
Received Import Request.
  Time since last request: 0.000322 seconds.
  path: Assets/QuarterView 3D Action BE5/Particles/Grenade Explosion.prefab
  artifactKey: Guid(46ffadbb188f9ab498b623c4290ef656) Importer(815301076,1909f56bfc062723c751e8b465ee728b)
Start importing Assets/QuarterView 3D Action BE5/Particles/Grenade Explosion.prefab using Guid(46ffadbb188f9ab498b623c4290ef656) Importer(815301076,1909f56bfc062723c751e8b465ee728b)  -> (artifact id: '006600c4fe75843da6f29299dc33e86a') in 0.009431 seconds 
  Import took 0.011673 seconds .

========================================================================
Received Import Request.
  Time since last request: 217.417197 seconds.
  path: Assets/Materials/New Physic Material 1.physicMaterial
  artifactKey: Guid(259c35e3dda5e8c4db13f8477a0a5615) Importer(815301076,1909f56bfc062723c751e8b465ee728b)
Start importing Assets/Materials/New Physic Material 1.physicMaterial using Guid(259c35e3dda5e8c4db13f8477a0a5615) Importer(815301076,1909f56bfc062723c751e8b465ee728b)  -> (artifact id: '06bf4b48b76ca6c85b7d96980c357ad6') in 0.011854 seconds 
  Import took 0.014458 seconds .

========================================================================
Received Import Request.
  Time since last request: 14.260729 seconds.
  path: Assets/Materials/Grenade.physicMaterial
  artifactKey: Guid(259c35e3dda5e8c4db13f8477a0a5615) Importer(815301076,1909f56bfc062723c751e8b465ee728b)
Start importing Assets/Materials/Grenade.physicMaterial using Guid(259c35e3dda5e8c4db13f8477a0a5615) Importer(815301076,1909f56bfc062723c751e8b465ee728b)  -> (artifact id: 'ff073fe8ebe087d9a201a57d871291b5') in 0.009061 seconds 
  Import took 0.011492 seconds .

========================================================================
Received Import Request.
  Time since last request: 0.005056 seconds.
  path: Assets/Materials/Grenade.physicMaterial
  artifactKey: Guid(259c35e3dda5e8c4db13f8477a0a5615) Importer(815301076,1909f56bfc062723c751e8b465ee728b)
Start importing Assets/Materials/Grenade.physicMaterial using Guid(259c35e3dda5e8c4db13f8477a0a5615) Importer(815301076,1909f56bfc062723c751e8b465ee728b)  -> (artifact id: 'ff073fe8ebe087d9a201a57d871291b5') in 0.004297 seconds 
  Import took 0.006806 seconds .

========================================================================
Received Import Request.
  Time since last request: 209.449503 seconds.
  path: Assets/Prefabs/Throw Grenade .prefab
  artifactKey: Guid(c6bccf744c390db4b8dc815c260877bf) Importer(815301076,1909f56bfc062723c751e8b465ee728b)
Start importing Assets/Prefabs/Throw Grenade .prefab using Guid(c6bccf744c390db4b8dc815c260877bf) Importer(815301076,1909f56bfc062723c751e8b465ee728b)  -> (artifact id: '35f7832f57e2aae63b8840bd10cf598e') in 0.070469 seconds 
  Import took 0.073439 seconds .

========================================================================
Received Import Request.
  Time since last request: 0.018550 seconds.
  path: Assets/Prefabs/Throw Grenade .prefab
  artifactKey: Guid(c6bccf744c390db4b8dc815c260877bf) Importer(815301076,1909f56bfc062723c751e8b465ee728b)
Start importing Assets/Prefabs/Throw Grenade .prefab using Guid(c6bccf744c390db4b8dc815c260877bf) Importer(815301076,1909f56bfc062723c751e8b465ee728b)  -> (artifact id: '35f7832f57e2aae63b8840bd10cf598e') in 0.016007 seconds 
  Import took 0.018931 seconds .

========================================================================
Received Import Request.
  Time since last request: 6.704468 seconds.
  path: Assets/Prefabs/Throw Grenade .prefab
  artifactKey: Guid(c6bccf744c390db4b8dc815c260877bf) Importer(815301076,1909f56bfc062723c751e8b465ee728b)
Start importing Assets/Prefabs/Throw Grenade .prefab using Guid(c6bccf744c390db4b8dc815c260877bf) Importer(815301076,1909f56bfc062723c751e8b465ee728b)  -> (artifact id: '2f714b6c3fda004f8e0a4a1d35808a59') in 0.014328 seconds 
  Import took 0.018071 seconds .

========================================================================
Received Import Request.
  Time since last request: 0.003488 seconds.
  path: Assets/Prefabs/Throw Grenade .prefab
  artifactKey: Guid(c6bccf744c390db4b8dc815c260877bf) Importer(815301076,1909f56bfc062723c751e8b465ee728b)
Start importing Assets/Prefabs/Throw Grenade .prefab using Guid(c6bccf744c390db4b8dc815c260877bf) Importer(815301076,1909f56bfc062723c751e8b465ee728b)  -> (artifact id: '2f714b6c3fda004f8e0a4a1d35808a59') in 0.013692 seconds 
  Import took 0.016635 seconds .

========================================================================
Received Import Request.
  Time since last request: 0.777296 seconds.
  path: Assets/Prefabs/Throw Grenade .prefab
  artifactKey: Guid(c6bccf744c390db4b8dc815c260877bf) Importer(815301076,1909f56bfc062723c751e8b465ee728b)
Start importing Assets/Prefabs/Throw Grenade .prefab using Guid(c6bccf744c390db4b8dc815c260877bf) Importer(815301076,1909f56bfc062723c751e8b465ee728b)  -> (artifact id: 'e8cffe2349f37afc705b35d004c10623') in 0.013582 seconds 
  Import took 0.016341 seconds .

========================================================================
Received Import Request.
  Time since last request: 0.004820 seconds.
  path: Assets/Prefabs/Throw Grenade .prefab
  artifactKey: Guid(c6bccf744c390db4b8dc815c260877bf) Importer(815301076,1909f56bfc062723c751e8b465ee728b)
Start importing Assets/Prefabs/Throw Grenade .prefab using Guid(c6bccf744c390db4b8dc815c260877bf) Importer(815301076,1909f56bfc062723c751e8b465ee728b)  -> (artifact id: 'e8cffe2349f37afc705b35d004c10623') in 0.011615 seconds 
  Import took 0.014534 seconds .

========================================================================
Received Import Request.
  Time since last request: 2.596231 seconds.
  path: Assets/Prefabs/Throw Grenade .prefab
  artifactKey: Guid(c6bccf744c390db4b8dc815c260877bf) Importer(815301076,1909f56bfc062723c751e8b465ee728b)
Start importing Assets/Prefabs/Throw Grenade .prefab using Guid(c6bccf744c390db4b8dc815c260877bf) Importer(815301076,1909f56bfc062723c751e8b465ee728b)  -> (artifact id: 'c8b533e2bea739787a4a86ec2708ea89') in 0.013405 seconds 
  Import took 0.016172 seconds .

========================================================================
Received Import Request.
  Time since last request: 0.004466 seconds.
  path: Assets/Prefabs/Throw Grenade .prefab
  artifactKey: Guid(c6bccf744c390db4b8dc815c260877bf) Importer(815301076,1909f56bfc062723c751e8b465ee728b)
Start importing Assets/Prefabs/Throw Grenade .prefab using Guid(c6bccf744c390db4b8dc815c260877bf) Importer(815301076,1909f56bfc062723c751e8b465ee728b)  -> (artifact id: 'c8b533e2bea739787a4a86ec2708ea89') in 0.013458 seconds 
  Import took 0.016025 seconds .

========================================================================
Received Import Request.
  Time since last request: 27.044287 seconds.
  path: Assets/Script/Player2.cs
  artifactKey: Guid(6d379931efa5d9d4db9928601f7a7588) Importer(815301076,1909f56bfc062723c751e8b465ee728b)
Start importing Assets/Script/Player2.cs using Guid(6d379931efa5d9d4db9928601f7a7588) Importer(815301076,1909f56bfc062723c751e8b465ee728b)  -> (artifact id: '7f7b4d4f0758d7ec06d34f0b520828cb') in 0.011691 seconds 
  Import took 0.014202 seconds .

========================================================================
Received Import Request.
  Time since last request: 0.005525 seconds.
  path: Assets/Script/Player2.cs
  artifactKey: Guid(6d379931efa5d9d4db9928601f7a7588) Importer(815301076,1909f56bfc062723c751e8b465ee728b)
Start importing Assets/Script/Player2.cs using Guid(6d379931efa5d9d4db9928601f7a7588) Importer(815301076,1909f56bfc062723c751e8b465ee728b)  -> (artifact id: '7f7b4d4f0758d7ec06d34f0b520828cb') in 0.003202 seconds 
  Import took 0.005631 seconds .

========================================================================
Received Import Request.
  Time since last request: 56.573586 seconds.
  path: Assets/Script/Player2.cs
  artifactKey: Guid(6d379931efa5d9d4db9928601f7a7588) Importer(815301076,1909f56bfc062723c751e8b465ee728b)
Start importing Assets/Script/Player2.cs using Guid(6d379931efa5d9d4db9928601f7a7588) Importer(815301076,1909f56bfc062723c751e8b465ee728b)  -> (artifact id: '06ad2ddfb12523f68d6f83241eb68ba9') in 0.005127 seconds 
  Import took 0.007827 seconds .

========================================================================
Received Prepare
Registering precompiled user dll's ...
Registered in 0.008877 seconds.
Begin MonoManager ReloadAssembly
Native extension for WindowsStandalone target not found
Native extension for WebGL target not found
Refreshing native plugins compatible for Editor in 0.50 ms, found 2 plugins.
Preloading 0 native plugins for Editor in 0.00 ms.
Mono: successfully reloaded assembly
- Completed reload, in  1.037 seconds
Platform modules already initialized, skipping
Refreshing native plugins compatible for Editor in 0.35 ms, found 2 plugins.
Preloading 0 native plugins for Editor in 0.00 ms.
Unloading 1424 Unused Serialized files (Serialized files now loaded: 0)
System memory in use before: 69.3 MB.
System memory in use after: 69.4 MB.

Unloading 15 unused Assets to reduce memory usage. Loaded Objects now: 1873.
Total: 1.801300 ms (FindLiveObjects: 0.167600 ms CreateObjectMapping: 0.034300 ms MarkObjects: 1.538200 ms  DeleteObjects: 0.060300 ms)

AssetImportParameters requested are different than current active one (requested -> active):
  custom:framework-win-MediaFoundation: 216162199b28c13a410421893ffa2e32 -> 
  custom:video-decoder-ogg-theora: a1e56fd34408186e4bbccfd4996cb3dc -> 
  custom:container-muxer-webm: aa71ff27fc2769a1b78a27578f13a17b -> 
  custom:container-demuxer-webm: 4f35f7cbe854078d1ac9338744f61a02 -> 
  custom:container-demuxer-ogg: 62fdf1f143b41e24485cea50d1cbac27 -> 
  custom:video-encoder-webm-vp8: eb34c28f22e8b96e1ab97ce403110664 -> 
  custom:video-decoder-webm-vp8: 9c59270c3fd7afecdb556c50c9e8de78 -> 
  custom:audio-decoder-ogg-vorbis: bf7c407c2cedff20999df2af8eb42d56 -> 
  custom:audio-encoder-webm-vorbis: bf7c407c2cedff20999df2af8eb42d56 -> 
========================================================================
Received Prepare
Registering precompiled user dll's ...
Registered in 0.007943 seconds.
Begin MonoManager ReloadAssembly
Native extension for WindowsStandalone target not found
Native extension for WebGL target not found
Refreshing native plugins compatible for Editor in 0.34 ms, found 2 plugins.
Preloading 0 native plugins for Editor in 0.00 ms.
Mono: successfully reloaded assembly
- Completed reload, in  0.981 seconds
Platform modules already initialized, skipping
Refreshing native plugins compatible for Editor in 0.38 ms, found 2 plugins.
Preloading 0 native plugins for Editor in 0.00 ms.
Unloading 1424 Unused Serialized files (Serialized files now loaded: 0)
System memory in use before: 69.3 MB.
System memory in use after: 69.4 MB.

Unloading 14 unused Assets to reduce memory usage. Loaded Objects now: 1876.
Total: 1.699500 ms (FindLiveObjects: 0.143900 ms CreateObjectMapping: 0.034200 ms MarkObjects: 1.469400 ms  DeleteObjects: 0.051000 ms)

AssetImportParameters requested are different than current active one (requested -> active):
  custom:framework-win-MediaFoundation: 216162199b28c13a410421893ffa2e32 -> 
  custom:video-decoder-ogg-theora: a1e56fd34408186e4bbccfd4996cb3dc -> 
  custom:container-muxer-webm: aa71ff27fc2769a1b78a27578f13a17b -> 
  custom:container-demuxer-webm: 4f35f7cbe854078d1ac9338744f61a02 -> 
  custom:container-demuxer-ogg: 62fdf1f143b41e24485cea50d1cbac27 -> 
  custom:video-encoder-webm-vp8: eb34c28f22e8b96e1ab97ce403110664 -> 
  custom:video-decoder-webm-vp8: 9c59270c3fd7afecdb556c50c9e8de78 -> 
  custom:audio-decoder-ogg-vorbis: bf7c407c2cedff20999df2af8eb42d56 -> 
  custom:audio-encoder-webm-vorbis: bf7c407c2cedff20999df2af8eb42d56 -> 
========================================================================
Received Import Request.
  Time since last request: 571.085140 seconds.
  path: Assets/Prefabs/Throw Grenade .prefab
  artifactKey: Guid(c6bccf744c390db4b8dc815c260877bf) Importer(815301076,1909f56bfc062723c751e8b465ee728b)
Start importing Assets/Prefabs/Throw Grenade .prefab using Guid(c6bccf744c390db4b8dc815c260877bf) Importer(815301076,1909f56bfc062723c751e8b465ee728b)  -> (artifact id: '4dc569bba991e463c07c91ae8e33814e') in 0.056239 seconds 
  Import took 0.059165 seconds .

========================================================================
Received Prepare
Registering precompiled user dll's ...
Registered in 0.008107 seconds.
Begin MonoManager ReloadAssembly
Native extension for WindowsStandalone target not found
Native extension for WebGL target not found
Refreshing native plugins compatible for Editor in 0.41 ms, found 2 plugins.
Preloading 0 native plugins for Editor in 0.00 ms.
Mono: successfully reloaded assembly
- Completed reload, in  1.057 seconds
Platform modules already initialized, skipping
Refreshing native plugins compatible for Editor in 0.41 ms, found 2 plugins.
Preloading 0 native plugins for Editor in 0.00 ms.
Unloading 1424 Unused Serialized files (Serialized files now loaded: 0)
System memory in use before: 69.4 MB.
System memory in use after: 69.4 MB.

Unloading 14 unused Assets to reduce memory usage. Loaded Objects now: 1880.
Total: 1.766300 ms (FindLiveObjects: 0.190400 ms CreateObjectMapping: 0.034200 ms MarkObjects: 1.482500 ms  DeleteObjects: 0.057700 ms)

AssetImportParameters requested are different than current active one (requested -> active):
  custom:framework-win-MediaFoundation: 216162199b28c13a410421893ffa2e32 -> 
  custom:video-decoder-ogg-theora: a1e56fd34408186e4bbccfd4996cb3dc -> 
  custom:container-muxer-webm: aa71ff27fc2769a1b78a27578f13a17b -> 
  custom:container-demuxer-webm: 4f35f7cbe854078d1ac9338744f61a02 -> 
  custom:container-demuxer-ogg: 62fdf1f143b41e24485cea50d1cbac27 -> 
  custom:video-encoder-webm-vp8: eb34c28f22e8b96e1ab97ce403110664 -> 
  custom:video-decoder-webm-vp8: 9c59270c3fd7afecdb556c50c9e8de78 -> 
  custom:audio-decoder-ogg-vorbis: bf7c407c2cedff20999df2af8eb42d56 -> 
  custom:audio-encoder-webm-vorbis: bf7c407c2cedff20999df2af8eb42d56 -> 
========================================================================
Received Prepare
Registering precompiled user dll's ...
Registered in 0.008176 seconds.
Begin MonoManager ReloadAssembly
Native extension for WindowsStandalone target not found
Native extension for WebGL target not found
Refreshing native plugins compatible for Editor in 0.36 ms, found 2 plugins.
Preloading 0 native plugins for Editor in 0.00 ms.
Mono: successfully reloaded assembly
- Completed reload, in  1.017 seconds
Platform modules already initialized, skipping
Refreshing native plugins compatible for Editor in 0.35 ms, found 2 plugins.
Preloading 0 native plugins for Editor in 0.00 ms.
Unloading 1424 Unused Serialized files (Serialized files now loaded: 0)
System memory in use before: 69.4 MB.
System memory in use after: 69.5 MB.

Unloading 14 unused Assets to reduce memory usage. Loaded Objects now: 1883.
Total: 1.670900 ms (FindLiveObjects: 0.143800 ms CreateObjectMapping: 0.032700 ms MarkObjects: 1.441600 ms  DeleteObjects: 0.051900 ms)

AssetImportParameters requested are different than current active one (requested -> active):
  custom:framework-win-MediaFoundation: 216162199b28c13a410421893ffa2e32 -> 
  custom:video-decoder-ogg-theora: a1e56fd34408186e4bbccfd4996cb3dc -> 
  custom:container-muxer-webm: aa71ff27fc2769a1b78a27578f13a17b -> 
  custom:container-demuxer-webm: 4f35f7cbe854078d1ac9338744f61a02 -> 
  custom:container-demuxer-ogg: 62fdf1f143b41e24485cea50d1cbac27 -> 
  custom:video-encoder-webm-vp8: eb34c28f22e8b96e1ab97ce403110664 -> 
  custom:video-decoder-webm-vp8: 9c59270c3fd7afecdb556c50c9e8de78 -> 
  custom:audio-decoder-ogg-vorbis: bf7c407c2cedff20999df2af8eb42d56 -> 
  custom:audio-encoder-webm-vorbis: bf7c407c2cedff20999df2af8eb42d56 -> 
========================================================================
Received Prepare
Registering precompiled user dll's ...
Registered in 0.007921 seconds.
Begin MonoManager ReloadAssembly
Native extension for WindowsStandalone target not found
Native extension for WebGL target not found
Refreshing native plugins compatible for Editor in 0.37 ms, found 2 plugins.
Preloading 0 native plugins for Editor in 0.00 ms.
Mono: successfully reloaded assembly
- Completed reload, in  1.033 seconds
Platform modules already initialized, skipping
Refreshing native plugins compatible for Editor in 0.35 ms, found 2 plugins.
Preloading 0 native plugins for Editor in 0.00 ms.
Unloading 1424 Unused Serialized files (Serialized files now loaded: 0)
System memory in use before: 69.4 MB.
System memory in use after: 69.5 MB.

Unloading 14 unused Assets to reduce memory usage. Loaded Objects now: 1886.
Total: 2.154400 ms (FindLiveObjects: 0.192700 ms CreateObjectMapping: 0.034900 ms MarkObjects: 1.854000 ms  DeleteObjects: 0.071400 ms)

AssetImportParameters requested are different than current active one (requested -> active):
  custom:framework-win-MediaFoundation: 216162199b28c13a410421893ffa2e32 -> 
  custom:video-decoder-ogg-theora: a1e56fd34408186e4bbccfd4996cb3dc -> 
  custom:container-muxer-webm: aa71ff27fc2769a1b78a27578f13a17b -> 
  custom:container-demuxer-webm: 4f35f7cbe854078d1ac9338744f61a02 -> 
  custom:container-demuxer-ogg: 62fdf1f143b41e24485cea50d1cbac27 -> 
  custom:video-encoder-webm-vp8: eb34c28f22e8b96e1ab97ce403110664 -> 
  custom:video-decoder-webm-vp8: 9c59270c3fd7afecdb556c50c9e8de78 -> 
  custom:audio-decoder-ogg-vorbis: bf7c407c2cedff20999df2af8eb42d56 -> 
  custom:audio-encoder-webm-vorbis: bf7c407c2cedff20999df2af8eb42d56 -> 
AssetImportWorkerClient::OnTransportError - code=2 error=End of file
